<?xml version="1.0" encoding="UTF-8"?>
<testng-results skipped="0" failed="0" ignored="0" total="1" passed="1">
  <reporter-output>
  </reporter-output>
  <suite name="Test runner" duration-ms="92695" started-at="2018-05-24T13:21:33Z" finished-at="2018-05-24T13:23:05Z">
    <groups>
      <group name="cucumber">
        <method signature="AbstractTestNGCucumberTests.feature(cucumber.api.testng.CucumberFeatureWrapper)[pri:0, instance:Runners.DefaultRunner@370736d9]" name="feature" class="cucumber.api.testng.AbstractTestNGCucumberTests"/>
      </group> <!-- cucumber -->
    </groups>
    <test name="mazmi3639NY" duration-ms="92695" started-at="2018-05-24T13:21:33Z" finished-at="2018-05-24T13:23:05Z">
      <class name="Runners.DefaultRunner">
        <test-method status="PASS" signature="setUpClass()[pri:0, instance:Runners.DefaultRunner@370736d9]" name="setUpClass" is-config="true" duration-ms="185" started-at="2018-05-24T13:21:33Z" finished-at="2018-05-24T13:21:33Z">
          <reporter-output>
          </reporter-output>
        </test-method> <!-- setUpClass -->
        <test-method status="PASS" signature="feature(cucumber.api.testng.CucumberFeatureWrapper)[pri:0, instance:Runners.DefaultRunner@370736d9]" name="feature" duration-ms="92383" started-at="2018-05-24T13:21:33Z" description="Runs Cucumber Feature" data-provider="features" finished-at="2018-05-24T13:23:05Z">
          <params>
            <param index="0">
              <value>
                <![CDATA[User can sign in to amazon account]]>
              </value>
            </param>
          </params>
          <reporter-output>
          </reporter-output>
        </test-method> <!-- feature -->
        <test-method status="PASS" signature="tearDownClass()[pri:0, instance:Runners.DefaultRunner@370736d9]" name="tearDownClass" is-config="true" duration-ms="50" started-at="2018-05-24T13:23:05Z" finished-at="2018-05-24T13:23:05Z">
          <reporter-output>
          </reporter-output>
        </test-method> <!-- tearDownClass -->
      </class> <!-- Runners.DefaultRunner -->
    </test> <!-- mazmi3639NY -->
  </suite> <!-- Test runner -->
</testng-results>
